TN:
SF:src/modules/book_rentals/services/CreateBookRentalService.ts
FN:20,(anonymous_18)
FN:21,CreateBookRentalService
FN:26,(anonymous_20)
FNF:3
FNH:3
FNDA:4,(anonymous_18)
FNDA:11,CreateBookRentalService
FNDA:6,(anonymous_20)
DA:1,4
DA:2,4
DA:10,4
DA:11,4
DA:20,4
DA:23,11
DA:26,4
DA:27,6
DA:28,6
DA:29,6
DA:31,6
DA:35,6
DA:36,1
DA:39,5
DA:48,5
DA:50,4
DA:52,4
LF:17
LH:17
BRDA:31,0,0,6
BRDA:35,1,0,1
BRDA:35,1,1,5
BRF:3
BRH:3
end_of_record
TN:
SF:src/modules/book_rentals/services/ListBookRentalsService.ts
FN:25,(anonymous_17)
FN:26,ListBookRentalsService
FN:31,(anonymous_19)
FNF:3
FNH:3
FNDA:1,(anonymous_17)
FNDA:1,ListBookRentalsService
FNDA:1,(anonymous_19)
DA:1,1
DA:25,1
DA:28,1
DA:31,1
DA:32,1
DA:33,1
DA:34,1
DA:35,1
DA:36,1
DA:37,1
DA:38,1
DA:39,1
DA:40,1
DA:41,1
DA:42,1
DA:43,1
DA:45,1
DA:60,1
DA:62,1
DA:64,1
LF:20
LH:20
BRDA:45,0,0,1
BRF:1
BRH:1
end_of_record
TN:
SF:src/modules/book_rentals/services/ListTotalBookRentalsService.ts
FN:18,(anonymous_17)
FN:19,ListTotalBookRentalsService
FN:24,(anonymous_19)
FNF:3
FNH:3
FNDA:1,(anonymous_17)
FNDA:1,ListTotalBookRentalsService
FNDA:1,(anonymous_19)
DA:1,1
DA:18,1
DA:21,1
DA:24,1
DA:25,1
DA:26,1
DA:27,1
DA:28,1
DA:29,1
DA:30,1
DA:31,1
DA:32,1
DA:34,1
DA:45,1
DA:47,1
DA:49,1
LF:16
LH:16
BRDA:34,0,0,1
BRF:1
BRH:1
end_of_record
TN:
SF:src/modules/book_rentals/services/ReturnBookRentalService.ts
FN:18,(anonymous_18)
FN:19,ReturnBookRentalService
FN:24,(anonymous_20)
FNF:3
FNH:3
FNDA:1,(anonymous_18)
FNDA:3,ReturnBookRentalService
FNDA:5,(anonymous_20)
DA:1,1
DA:2,1
DA:10,1
DA:11,1
DA:18,1
DA:21,3
DA:24,5
DA:25,5
DA:27,5
DA:28,1
DA:31,4
DA:32,1
DA:36,3
DA:37,3
DA:38,3
DA:39,1
DA:40,1
DA:44,3
DA:45,3
DA:46,3
DA:48,3
DA:50,3
DA:52,1
DA:54,1
LF:24
LH:24
BRDA:25,0,0,5
BRDA:27,1,0,1
BRDA:27,1,1,4
BRDA:31,2,0,1
BRDA:31,2,1,3
BRDA:38,3,0,1
BRDA:38,3,1,2
BRF:7
BRH:7
end_of_record
TN:
SF:src/modules/book_rentals/services/ShowBookRentalService.ts
FN:16,(anonymous_18)
FN:17,ShowBookRentalService
FN:22,(anonymous_20)
FNF:3
FNH:3
FNDA:1,(anonymous_18)
FNDA:1,ShowBookRentalService
FNDA:2,(anonymous_20)
DA:1,1
DA:9,1
DA:16,1
DA:19,1
DA:22,2
DA:23,2
DA:25,2
DA:26,1
DA:29,1
DA:31,1
DA:33,1
LF:11
LH:11
BRDA:23,0,0,2
BRDA:25,1,0,1
BRDA:25,1,1,1
BRF:3
BRH:3
end_of_record
TN:
SF:src/modules/books/services/CreateBookService.ts
FN:28,(anonymous_18)
FN:29,CreateBookService
FN:34,(anonymous_20)
FNF:3
FNH:3
FNDA:2,(anonymous_18)
FNDA:5,CreateBookService
FNDA:5,(anonymous_20)
DA:1,2
DA:9,2
DA:28,2
DA:31,5
DA:34,2
DA:35,5
DA:36,5
DA:37,5
DA:38,5
DA:39,5
DA:40,5
DA:41,5
DA:42,5
DA:43,5
DA:44,5
DA:45,5
DA:46,5
DA:47,5
DA:49,5
DA:51,5
DA:52,1
DA:55,4
DA:71,4
DA:73,2
DA:75,2
LF:25
LH:25
BRDA:49,0,0,5
BRDA:51,1,0,1
BRDA:51,1,1,4
BRF:3
BRH:3
end_of_record
TN:
SF:src/modules/books/services/DeleteBookService.ts
FN:14,(anonymous_18)
FN:15,DeleteBookService
FN:23,(anonymous_20)
FNF:3
FNH:3
FNDA:1,(anonymous_18)
FNDA:2,DeleteBookService
FNDA:2,(anonymous_20)
DA:1,1
DA:7,1
DA:14,1
DA:17,2
DA:20,2
DA:23,2
DA:25,2
DA:29,2
DA:30,1
DA:33,2
DA:35,1
DA:38,1
DA:40,1
LF:13
LH:13
BRDA:29,0,0,1
BRDA:29,0,1,1
BRF:2
BRH:2
end_of_record
TN:
SF:src/modules/books/services/ListBooksService.ts
FN:33,(anonymous_17)
FN:34,ListBooksService
FN:39,(anonymous_19)
FNF:3
FNH:3
FNDA:1,(anonymous_17)
FNDA:1,ListBooksService
FNDA:1,(anonymous_19)
DA:1,1
DA:33,1
DA:36,1
DA:39,1
DA:40,1
DA:41,1
DA:42,1
DA:43,1
DA:44,1
DA:45,1
DA:46,1
DA:47,1
DA:48,1
DA:49,1
DA:50,1
DA:51,1
DA:53,1
DA:68,1
DA:70,1
DA:72,1
LF:20
LH:20
BRDA:53,0,0,1
BRF:1
BRH:1
end_of_record
TN:
SF:src/modules/books/services/ListTotalBooksService.ts
FN:18,(anonymous_17)
FN:19,ListTotalBooksService
FN:24,(anonymous_19)
FNF:3
FNH:3
FNDA:1,(anonymous_17)
FNDA:1,ListTotalBooksService
FNDA:1,(anonymous_19)
DA:1,1
DA:18,1
DA:21,1
DA:24,1
DA:25,1
DA:26,1
DA:27,1
DA:28,1
DA:29,1
DA:30,1
DA:31,1
DA:32,1
DA:34,1
DA:45,1
DA:47,1
DA:49,1
LF:16
LH:16
BRDA:34,0,0,1
BRF:1
BRH:1
end_of_record
TN:
SF:src/modules/books/services/ShowBookService.ts
FN:16,(anonymous_18)
FN:17,ShowBookService
FN:22,(anonymous_20)
FNF:3
FNH:3
FNDA:1,(anonymous_18)
FNDA:1,ShowBookService
FNDA:2,(anonymous_20)
DA:1,1
DA:9,1
DA:16,1
DA:19,1
DA:22,2
DA:23,2
DA:25,2
DA:26,1
DA:29,1
DA:31,1
DA:33,1
LF:11
LH:11
BRDA:23,0,0,2
BRDA:25,1,0,1
BRDA:25,1,1,1
BRF:3
BRH:3
end_of_record
TN:
SF:src/modules/books/services/UpdateBookFileService.ts
FN:18,(anonymous_18)
FN:19,UpdateBookFileService
FN:27,(anonymous_20)
FNF:3
FNH:3
FNDA:1,(anonymous_18)
FNDA:3,UpdateBookFileService
FNDA:3,(anonymous_20)
DA:1,1
DA:10,1
DA:18,1
DA:21,3
DA:24,3
DA:27,3
DA:28,3
DA:31,3
DA:32,1
DA:38,4
DA:40,1
DA:43,1
DA:45,1
DA:46,0
DA:49,1
DA:51,1
DA:53,1
LF:17
LH:16
BRDA:28,0,0,3
BRDA:28,0,1,1
BRDA:31,1,0,1
BRDA:31,1,1,2
BRDA:45,2,0,0
BRDA:45,2,1,1
BRF:6
BRH:5
end_of_record
TN:
SF:src/modules/books/services/UpdateBookService.ts
FN:29,(anonymous_18)
FN:30,UpdateBookService
FN:38,(anonymous_20)
FNF:3
FNH:3
FNDA:1,(anonymous_18)
FNDA:4,UpdateBookService
FNDA:4,(anonymous_20)
DA:1,1
DA:10,1
DA:29,1
DA:32,4
DA:35,4
DA:38,1
DA:39,4
DA:40,4
DA:41,4
DA:42,4
DA:43,4
DA:44,4
DA:45,4
DA:46,4
DA:47,4
DA:48,4
DA:49,4
DA:50,4
DA:51,4
DA:53,4
DA:55,4
DA:56,1
DA:59,3
DA:63,3
DA:64,1
DA:67,2
DA:68,2
DA:69,1
DA:72,1
DA:73,1
DA:74,1
DA:75,1
DA:76,1
DA:77,1
DA:78,1
DA:79,1
DA:80,1
DA:81,1
DA:82,1
DA:83,1
DA:85,1
DA:87,1
DA:89,1
DA:91,1
LF:44
LH:44
BRDA:53,0,0,4
BRDA:55,1,0,1
BRDA:55,1,1,3
BRDA:63,2,0,1
BRDA:63,2,1,2
BRDA:68,3,0,1
BRDA:68,3,1,1
BRDA:68,4,0,2
BRDA:68,4,1,1
BRF:9
BRH:9
end_of_record
TN:
SF:src/modules/customers/services/CreateCustomerService.ts
FN:23,(anonymous_18)
FN:24,CreateCustomerService
FN:32,(anonymous_20)
FNF:3
FNH:3
FNDA:2,(anonymous_18)
FNDA:4,CreateCustomerService
FNDA:4,(anonymous_20)
DA:1,2
DA:2,2
DA:13,2
DA:23,2
DA:26,4
DA:29,4
DA:32,2
DA:33,4
DA:34,4
DA:35,4
DA:36,4
DA:38,4
DA:40,4
DA:41,1
DA:44,3
DA:52,3
DA:59,6
DA:73,3
DA:75,2
DA:77,2
LF:20
LH:20
BRDA:38,0,0,4
BRDA:40,1,0,1
BRDA:40,1,1,3
BRF:3
BRH:3
end_of_record
TN:
SF:src/modules/customers/services/DeleteCustomerService.ts
FN:13,(anonymous_18)
FN:14,DeleteCustomerService
FN:19,(anonymous_20)
FNF:3
FNH:3
FNDA:1,(anonymous_18)
FNDA:1,DeleteCustomerService
FNDA:1,(anonymous_20)
DA:1,1
DA:6,1
DA:13,1
DA:16,1
DA:19,1
DA:20,1
DA:21,1
DA:23,0
DA:26,1
DA:28,1
LF:10
LH:9
BRF:0
BRH:0
end_of_record
TN:
SF:src/modules/customers/services/ListCustomersService.ts
FN:20,(anonymous_17)
FN:21,ListCustomersService
FN:26,(anonymous_19)
FNF:3
FNH:3
FNDA:1,(anonymous_17)
FNDA:1,ListCustomersService
FNDA:1,(anonymous_19)
DA:1,1
DA:20,1
DA:23,1
DA:26,1
DA:27,1
DA:28,1
DA:29,1
DA:30,1
DA:31,1
DA:32,1
DA:33,1
DA:35,1
DA:45,1
DA:47,1
DA:49,1
LF:15
LH:15
BRDA:35,0,0,1
BRF:1
BRH:1
end_of_record
TN:
SF:src/modules/customers/services/ListTotalCustomersService.ts
FN:13,(anonymous_17)
FN:14,ListTotalCustomersService
FN:19,(anonymous_19)
FNF:3
FNH:3
FNDA:1,(anonymous_17)
FNDA:1,ListTotalCustomersService
FNDA:1,(anonymous_19)
DA:1,1
DA:13,1
DA:16,1
DA:19,1
DA:20,1
DA:21,1
DA:22,1
DA:24,1
DA:30,1
DA:32,1
DA:34,1
LF:11
LH:11
BRDA:24,0,0,1
BRF:1
BRH:1
end_of_record
TN:
SF:src/modules/customers/services/ShowCustomerService.ts
FN:16,(anonymous_18)
FN:17,ShowCustomerService
FN:22,(anonymous_20)
FNF:3
FNH:3
FNDA:1,(anonymous_18)
FNDA:1,ShowCustomerService
FNDA:2,(anonymous_20)
DA:1,1
DA:9,1
DA:16,1
DA:19,1
DA:22,2
DA:23,2
DA:25,2
DA:26,1
DA:29,1
DA:31,1
DA:33,1
LF:11
LH:11
BRDA:23,0,0,2
BRDA:25,1,0,1
BRDA:25,1,1,1
BRF:3
BRH:3
end_of_record
TN:
SF:src/modules/customers/services/UpdateCustomerFileService.ts
FN:15,(anonymous_18)
FN:16,UpdateCustomerFileService
FN:21,(anonymous_20)
FNF:3
FNH:3
FNDA:1,(anonymous_18)
FNDA:2,UpdateCustomerFileService
FNDA:2,(anonymous_20)
DA:1,1
DA:7,1
DA:15,1
DA:18,2
DA:21,1
DA:22,2
DA:23,2
DA:25,2
DA:27,2
DA:28,1
DA:35,2
DA:37,0
DA:40,1
DA:42,1
DA:43,0
DA:46,1
DA:48,1
DA:50,1
LF:18
LH:16
BRDA:25,0,0,2
BRDA:25,0,1,1
BRDA:27,1,0,1
BRDA:27,1,1,1
BRDA:42,2,0,0
BRDA:42,2,1,1
BRF:6
BRH:5
end_of_record
TN:
SF:src/modules/customers/services/UpdateCustomerService.ts
FN:19,(anonymous_18)
FN:20,UpdateCustomerService
FN:25,(anonymous_20)
FNF:3
FNH:3
FNDA:1,(anonymous_18)
FNDA:3,UpdateCustomerService
FNDA:3,(anonymous_20)
DA:1,1
DA:9,1
DA:19,1
DA:22,3
DA:25,1
DA:26,3
DA:27,3
DA:28,3
DA:29,3
DA:31,3
DA:33,3
DA:34,1
DA:37,2
DA:39,2
DA:40,1
DA:43,1
DA:44,1
DA:45,1
DA:47,1
DA:49,1
DA:51,1
DA:53,1
LF:22
LH:22
BRDA:31,0,0,3
BRDA:33,1,0,1
BRDA:33,1,1,2
BRDA:39,2,0,1
BRDA:39,2,1,1
BRDA:39,3,0,2
BRDA:39,3,1,1
BRF:7
BRH:7
end_of_record
TN:
SF:src/modules/parameters/files/services/CreateFileService.ts
FN:23,(anonymous_18)
FN:24,CreateFileService
FN:32,(anonymous_20)
FNF:3
FNH:3
FNDA:4,(anonymous_18)
FNDA:10,CreateFileService
FNDA:9,(anonymous_20)
DA:1,4
DA:12,4
DA:23,4
DA:26,10
DA:29,10
DA:32,4
DA:33,9
DA:34,9
DA:35,9
DA:36,9
DA:37,9
DA:39,17
DA:40,1
DA:42,1
DA:43,2
DA:44,2
DA:47,1
DA:51,1
DA:52,0
DA:56,9
DA:58,9
DA:65,9
DA:67,4
DA:69,4
LF:24
LH:23
BRDA:47,0,0,1
BRDA:47,0,1,9
BRDA:39,1,0,8
BRDA:39,1,1,1
BRDA:42,2,0,0
BRDA:42,2,1,1
BRDA:51,3,0,0
BRDA:51,3,1,1
BRF:8
BRH:6
end_of_record
TN:
SF:src/modules/parameters/files/services/DeleteFileService.ts
FN:16,(anonymous_18)
FN:17,DeleteProductToCategoryService
FN:25,(anonymous_20)
FNF:3
FNH:3
FNDA:1,(anonymous_18)
FNDA:1,DeleteProductToCategoryService
FNDA:1,(anonymous_20)
DA:1,1
DA:9,1
DA:16,1
DA:19,1
DA:22,1
DA:25,1
DA:27,1
DA:29,1
DA:30,2
DA:31,2
DA:34,0
DA:37,1
DA:39,1
LF:13
LH:12
BRDA:29,0,0,0
BRDA:29,0,1,1
BRF:2
BRH:1
end_of_record
TN:
SF:src/modules/users/services/AuthenticateUsersService.ts
FN:27,(anonymous_18)
FN:28,AuthenticateUsersService
FN:36,(anonymous_20)
FNF:3
FNH:3
FNDA:1,(anonymous_18)
FNDA:3,AuthenticateUsersService
FNDA:3,(anonymous_20)
DA:1,1
DA:2,1
DA:10,1
DA:11,1
DA:27,1
DA:30,3
DA:33,3
DA:36,3
DA:37,3
DA:39,3
DA:40,1
DA:43,2
DA:48,2
DA:49,1
DA:52,1
DA:54,1
DA:59,1
DA:61,1
DA:63,1
LF:19
LH:19
BRDA:37,0,0,3
BRDA:39,1,0,1
BRDA:39,1,1,2
BRDA:48,2,0,1
BRDA:48,2,1,1
BRF:5
BRH:5
end_of_record
TN:
SF:src/modules/users/services/CreateUserService.ts
FN:18,(anonymous_18)
FN:19,CreateUserService
FN:27,(anonymous_20)
FNF:3
FNH:3
FNDA:3,(anonymous_18)
FNDA:8,CreateUserService
FNDA:8,(anonymous_20)
DA:1,3
DA:12,3
DA:18,3
DA:21,8
DA:24,8
DA:27,3
DA:28,8
DA:29,8
DA:30,8
DA:31,8
DA:32,8
DA:34,8
DA:36,8
DA:37,1
DA:40,7
DA:42,7
DA:43,1
DA:46,6
DA:48,6
DA:56,6
DA:58,3
DA:60,3
LF:22
LH:22
BRDA:34,0,0,8
BRDA:36,1,0,1
BRDA:36,1,1,7
BRDA:42,2,0,1
BRDA:42,2,1,6
BRF:5
BRH:5
end_of_record
TN:
SF:src/modules/users/services/DeleteUserService.ts
FN:13,(anonymous_18)
FN:14,DeleteUserService
FN:19,(anonymous_20)
FNF:3
FNH:3
FNDA:1,(anonymous_18)
FNDA:1,DeleteUserService
FNDA:1,(anonymous_20)
DA:1,1
DA:6,1
DA:13,1
DA:16,1
DA:19,1
DA:21,1
DA:22,0
DA:25,2
DA:27,0
DA:30,1
DA:32,1
LF:11
LH:9
BRDA:21,0,0,0
BRDA:21,0,1,1
BRF:2
BRH:1
end_of_record
TN:
SF:src/modules/users/services/ListTotalUsersService.ts
FN:10,(anonymous_17)
FN:11,ListTotalUsersService
FN:16,(anonymous_19)
FNF:3
FNH:3
FNDA:1,(anonymous_17)
FNDA:1,ListTotalUsersService
FNDA:1,(anonymous_19)
DA:1,1
DA:10,1
DA:13,1
DA:16,1
DA:17,1
DA:18,1
DA:20,1
DA:25,1
DA:27,1
DA:29,1
LF:10
LH:10
BRDA:20,0,0,1
BRF:1
BRH:1
end_of_record
TN:
SF:src/modules/users/services/ListUsersService.ts
FN:15,(anonymous_18)
FN:16,ListUsersService
FN:21,(anonymous_20)
FNF:3
FNH:3
FNDA:1,(anonymous_18)
FNDA:1,ListUsersService
FNDA:1,(anonymous_20)
DA:1,1
DA:12,1
DA:15,1
DA:18,1
DA:21,1
DA:22,1
DA:23,1
DA:24,1
DA:25,1
DA:26,1
DA:27,1
DA:29,1
DA:38,1
DA:39,0
DA:42,1
DA:44,1
DA:46,1
LF:17
LH:16
BRDA:29,0,0,1
BRDA:38,1,0,0
BRDA:38,1,1,1
BRF:3
BRH:2
end_of_record
TN:
SF:src/modules/users/services/ResetPasswordService.ts
FN:19,(anonymous_18)
FN:20,ResetPasswordService
FN:31,(anonymous_20)
FNF:3
FNH:3
FNDA:1,(anonymous_18)
FNDA:4,ResetPasswordService
FNDA:4,(anonymous_20)
DA:1,1
DA:2,1
DA:11,1
DA:19,1
DA:22,4
DA:25,4
DA:28,4
DA:31,4
DA:32,4
DA:34,4
DA:35,1
DA:38,3
DA:40,3
DA:41,1
DA:44,2
DA:45,2
DA:47,2
DA:48,1
DA:51,1
DA:53,2
DA:55,1
DA:57,1
LF:22
LH:22
BRDA:32,0,0,4
BRDA:34,1,0,1
BRDA:34,1,1,3
BRDA:40,2,0,1
BRDA:40,2,1,2
BRDA:47,3,0,1
BRDA:47,3,1,1
BRF:7
BRH:7
end_of_record
TN:
SF:src/modules/users/services/SendForgotPasswordEmailService.ts
FN:18,(anonymous_18)
FN:19,SendForgotPasswordEmailService
FN:30,(anonymous_20)
FNF:3
FNH:3
FNDA:1,(anonymous_18)
FNDA:3,SendForgotPasswordEmailService
FNDA:3,(anonymous_20)
DA:1,1
DA:2,1
DA:11,1
DA:18,1
DA:21,3
DA:24,3
DA:27,3
DA:30,3
DA:31,3
DA:33,3
DA:34,1
DA:37,2
DA:39,2
DA:46,4
DA:61,1
DA:63,1
LF:16
LH:16
BRDA:31,0,0,3
BRDA:33,1,0,1
BRDA:33,1,1,2
BRF:3
BRH:3
end_of_record
TN:
SF:src/modules/users/services/ShowUserService.ts
FN:16,(anonymous_18)
FN:17,ShowUserService
FN:22,(anonymous_20)
FNF:3
FNH:3
FNDA:1,(anonymous_18)
FNDA:1,ShowUserService
FNDA:2,(anonymous_20)
DA:1,1
DA:9,1
DA:16,1
DA:19,1
DA:22,2
DA:23,2
DA:25,2
DA:26,1
DA:29,1
DA:31,1
DA:33,1
LF:11
LH:11
BRDA:23,0,0,2
BRDA:25,1,0,1
BRDA:25,1,1,1
BRF:3
BRH:3
end_of_record
TN:
SF:src/modules/users/services/UpdateUserFileService.ts
FN:17,(anonymous_18)
FN:18,UpdateUserFileService
FN:23,(anonymous_20)
FNF:3
FNH:3
FNDA:1,(anonymous_18)
FNDA:2,UpdateUserFileService
FNDA:2,(anonymous_20)
DA:1,1
DA:9,1
DA:17,1
DA:20,2
DA:23,2
DA:24,2
DA:26,2
DA:27,1
DA:34,2
DA:36,0
DA:39,1
DA:41,1
DA:42,0
DA:45,1
DA:47,1
DA:49,1
LF:16
LH:14
BRDA:24,0,0,2
BRDA:24,0,1,1
BRDA:26,1,0,1
BRDA:26,1,1,1
BRDA:41,2,0,0
BRDA:41,2,1,1
BRF:6
BRH:5
end_of_record
TN:
SF:src/modules/users/services/UpdateUserService.ts
FN:22,(anonymous_18)
FN:23,UpdateUserService
FN:31,(anonymous_20)
FNF:3
FNH:3
FNDA:1,(anonymous_18)
FNDA:4,UpdateUserService
FNDA:4,(anonymous_20)
DA:1,1
DA:12,1
DA:22,1
DA:25,4
DA:28,4
DA:31,1
DA:32,4
DA:33,4
DA:34,4
DA:35,4
DA:37,4
DA:39,4
DA:40,1
DA:43,3
DA:46,3
DA:47,1
DA:50,2
DA:51,2
DA:52,1
DA:55,1
DA:56,1
DA:57,1
DA:59,1
DA:61,1
DA:63,1
DA:65,1
LF:26
LH:26
BRDA:37,0,0,4
BRDA:39,1,0,1
BRDA:39,1,1,3
BRDA:46,2,0,1
BRDA:46,2,1,2
BRDA:46,3,0,3
BRDA:46,3,1,2
BRDA:51,4,0,1
BRDA:51,4,1,1
BRDA:51,5,0,2
BRDA:51,5,1,1
BRF:11
BRH:11
end_of_record
